adb shell am instrument -w -r -e numShards 20 -e shardIndex 1 com.example.test/android.support.test.runner.JunoAndroidRunner
INSTRUMENTATION_STATUS: numtests=4
INSTRUMENTATION_STATUS: stream=
com.example.test.TestClass:
INSTRUMENTATION_STATUS: id=AndroidJUnitRunner
INSTRUMENTATION_STATUS: test=test1
INSTRUMENTATION_STATUS: class=com.example.test.TestClass
INSTRUMENTATION_STATUS: current=1
INSTRUMENTATION_STATUS_CODE: 1
INSTRUMENTATION_STATUS: numtests=4
INSTRUMENTATION_STATUS: stream=
Error in test1(com.example.test.TestClass):
java.net.UnknownHostException: Test Exception
	at com.example.test.TestClass.test1.1.invoke(TestClass.kt:245)
	at com.example.test.TestClass.test1.1.invoke(TestClass.kt:44)
	at com.example.test.TestClass.test1(TestClass.kt:238)
	at java.lang.reflect.Method.invoke(Native Method)
	at org.junit.runners.model.FrameworkMethod.1.runReflectiveCall(FrameworkMethod.java:50)
	at org.junit.internal.runners.model.ReflectiveCallable.run(ReflectiveCallable.java:12)
	at org.junit.runners.model.FrameworkMethod.invokeExplosively(FrameworkMethod.java:47)
	at org.junit.internal.runners.statements.InvokeMethod.evaluate(InvokeMethod.java:17)
	at org.junit.internal.runners.statements.RunBefores.evaluate(RunBefores.java:26)
	at org.junit.rules.ExpectedException.ExpectedExceptionStatement.evaluate(ExpectedException.java:239)
	at com.example.test.utils.LaunchAppRule.apply.1.evaluate(LaunchAppRule.kt:36)
	at com.example.test.utils.RetryRule.runTest(RetryRule.kt:43)
	at com.example.test.utils.RetryRule.access.runTest(RetryRule.kt:14)
	at com.example.test.utils.RetryRule.apply.1.evaluate(RetryRule.kt:29)
	at org.junit.rules.RunRules.evaluate(RunRules.java:20)
	at org.junit.runners.ParentRunner.runLeaf(ParentRunner.java:325)
	at org.junit.runners.BlockJUnit4ClassRunner.runChild(BlockJUnit4ClassRunner.java:78)
	at org.junit.runners.BlockJUnit4ClassRunner.runChild(BlockJUnit4ClassRunner.java:57)
	at org.junit.runners.ParentRunner.3.run(ParentRunner.java:290)
	at org.junit.runners.ParentRunner.1.schedule(ParentRunner.java:71)
	at org.junit.runners.ParentRunner.runChildren(ParentRunner.java:288)
	at org.junit.runners.ParentRunner.access.000(ParentRunner.java:58)
	at org.junit.runners.ParentRunner.2.evaluate(ParentRunner.java:268)
	at org.junit.runners.ParentRunner.run(ParentRunner.java:363)
	at org.junit.runners.Suite.runChild(Suite.java:128)
	at org.junit.runners.Suite.runChild(Suite.java:27)
	at org.junit.runners.ParentRunner.3.run(ParentRunner.java:290)
	at org.junit.runners.ParentRunner.1.schedule(ParentRunner.java:71)
	at org.junit.runners.ParentRunner.runChildren(ParentRunner.java:288)
	at org.junit.runners.ParentRunner.access.000(ParentRunner.java:58)
	at org.junit.runners.ParentRunner.2.evaluate(ParentRunner.java:268)
	at org.junit.runners.ParentRunner.run(ParentRunner.java:363)
	at org.junit.runner.JUnitCore.run(JUnitCore.java:137)
	at org.junit.runner.JUnitCore.run(JUnitCore.java:115)
	at android.support.test.internal.runner.TestExecutor.execute(TestExecutor.java:59)
	at android.support.test.runner.JunoAndroidRunner.onStart(JunoAndroidRunner.kt:107)
	at android.app.Instrumentation.InstrumentationThread.run(Instrumentation.java:1932)

INSTRUMENTATION_STATUS: id=AndroidJUnitRunner
INSTRUMENTATION_STATUS: test=test1
INSTRUMENTATION_STATUS: class=com.example.test.TestClass
INSTRUMENTATION_STATUS: stack=java.net.UnknownHostException: Test Exception
	at com.example.test.TestClass.test1.1.invoke(TestClass.kt:245)
	at com.example.test.TestClass.test1.1.invoke(TestClass.kt:44)
	at com.example.test.TestClass.test1(TestClass.kt:238)
	at java.lang.reflect.Method.invoke(Native Method)
	at org.junit.runners.model.FrameworkMethod.1.runReflectiveCall(FrameworkMethod.java:50)
	at org.junit.internal.runners.model.ReflectiveCallable.run(ReflectiveCallable.java:12)
	at org.junit.runners.model.FrameworkMethod.invokeExplosively(FrameworkMethod.java:47)
	at org.junit.internal.runners.statements.InvokeMethod.evaluate(InvokeMethod.java:17)
	at org.junit.internal.runners.statements.RunBefores.evaluate(RunBefores.java:26)
	at org.junit.rules.ExpectedException.ExpectedExceptionStatement.evaluate(ExpectedException.java:239)
	at com.example.test.utils.LaunchAppRule.apply.1.evaluate(LaunchAppRule.kt:36)
	at com.example.test.utils.RetryRule.runTest(RetryRule.kt:43)
	at com.example.test.utils.RetryRule.access.runTest(RetryRule.kt:14)
	at com.example.test.utils.RetryRule.apply.1.evaluate(RetryRule.kt:29)
	at org.junit.rules.RunRules.evaluate(RunRules.java:20)
	at org.junit.runners.ParentRunner.runLeaf(ParentRunner.java:325)
	at org.junit.runners.BlockJUnit4ClassRunner.runChild(BlockJUnit4ClassRunner.java:78)
	at org.junit.runners.BlockJUnit4ClassRunner.runChild(BlockJUnit4ClassRunner.java:57)
	at org.junit.runners.ParentRunner.3.run(ParentRunner.java:290)
	at org.junit.runners.ParentRunner.1.schedule(ParentRunner.java:71)
	at org.junit.runners.ParentRunner.runChildren(ParentRunner.java:288)
	at org.junit.runners.ParentRunner.access.000(ParentRunner.java:58)
	at org.junit.runners.ParentRunner.2.evaluate(ParentRunner.java:268)
	at org.junit.runners.ParentRunner.run(ParentRunner.java:363)
	at org.junit.runners.Suite.runChild(Suite.java:128)
	at org.junit.runners.Suite.runChild(Suite.java:27)
	at org.junit.runners.ParentRunner.3.run(ParentRunner.java:290)
	at org.junit.runners.ParentRunner.1.schedule(ParentRunner.java:71)
	at org.junit.runners.ParentRunner.runChildren(ParentRunner.java:288)
	at org.junit.runners.ParentRunner.access.000(ParentRunner.java:58)
	at org.junit.runners.ParentRunner.2.evaluate(ParentRunner.java:268)
	at org.junit.runners.ParentRunner.run(ParentRunner.java:363)
	at org.junit.runner.JUnitCore.run(JUnitCore.java:137)
	at org.junit.runner.JUnitCore.run(JUnitCore.java:115)
	at android.support.test.internal.runner.TestExecutor.execute(TestExecutor.java:59)
	at android.support.test.runner.JunoAndroidRunner.onStart(JunoAndroidRunner.kt:107)
	at android.app.Instrumentation.InstrumentationThread.run(Instrumentation.java:1932)

INSTRUMENTATION_STATUS: current=1
INSTRUMENTATION_STATUS_CODE: -2
INSTRUMENTATION_STATUS: numtests=4
INSTRUMENTATION_STATUS: stream=
INSTRUMENTATION_STATUS: id=AndroidJUnitRunner
INSTRUMENTATION_STATUS: test=test2
INSTRUMENTATION_STATUS: class=com.example.test.TestClass
INSTRUMENTATION_STATUS: current=2
INSTRUMENTATION_STATUS_CODE: 1
INSTRUMENTATION_STATUS: numtests=4
INSTRUMENTATION_STATUS: stream=.
INSTRUMENTATION_STATUS: id=AndroidJUnitRunner
INSTRUMENTATION_STATUS: test=test2
INSTRUMENTATION_STATUS: class=com.example.test.TestClass
INSTRUMENTATION_STATUS: current=2
INSTRUMENTATION_STATUS_CODE: 0
INSTRUMENTATION_STATUS: numtests=4
INSTRUMENTATION_STATUS: stream=
com.example.test.TestClass:
INSTRUMENTATION_STATUS: id=AndroidJUnitRunner
INSTRUMENTATION_STATUS: test=test3
INSTRUMENTATION_STATUS: class=com.example.test.TestClass
INSTRUMENTATION_STATUS: current=3
INSTRUMENTATION_STATUS_CODE: 1
INSTRUMENTATION_STATUS: numtests=4
INSTRUMENTATION_STATUS: stream=.
INSTRUMENTATION_STATUS: id=AndroidJUnitRunner
INSTRUMENTATION_STATUS: test=test3
INSTRUMENTATION_STATUS: class=com.example.test.TestClass
INSTRUMENTATION_STATUS: current=3
INSTRUMENTATION_STATUS_CODE: 0
INSTRUMENTATION_STATUS: numtests=4
INSTRUMENTATION_STATUS: stream=
INSTRUMENTATION_STATUS: id=AndroidJUnitRunner
INSTRUMENTATION_STATUS: test=test4
INSTRUMENTATION_STATUS: class=com.example.test.TestClass
INSTRUMENTATION_STATUS: current=4
INSTRUMENTATION_STATUS_CODE: 1
INSTRUMENTATION_STATUS: numtests=4
INSTRUMENTATION_STATUS: stream=.
INSTRUMENTATION_STATUS: id=AndroidJUnitRunner
INSTRUMENTATION_STATUS: test=test4
INSTRUMENTATION_STATUS: class=com.example.test.TestClass
INSTRUMENTATION_STATUS: current=4
INSTRUMENTATION_STATUS_CODE: 0

Time: 96.641
There was 1 failure:
1) test1(com.example.test.TestClass)
java.net.UnknownHostException: Test Exception
	at com.example.test.TestClass.test1.1.invoke(TestClass.kt:245)
	at com.example.test.TestClass.test1.1.invoke(TestClass.kt:44)
	at com.example.test.screens.AddCreditCardScreen.Companion.invoke(AddCreditCardScreen.kt:23)
	at com.example.test.TestClass.test1(TestClass.kt:238)
	at java.lang.reflect.Method.invoke(Native Method)
	at org.junit.runners.model.FrameworkMethod.1.runReflectiveCall(FrameworkMethod.java:50)
	at org.junit.internal.runners.model.ReflectiveCallable.run(ReflectiveCallable.java:12)
	at org.junit.runners.model.FrameworkMethod.invokeExplosively(FrameworkMethod.java:47)
	at org.junit.internal.runners.statements.InvokeMethod.evaluate(InvokeMethod.java:17)
	at org.junit.internal.runners.statements.RunBefores.evaluate(RunBefores.java:26)
	at org.junit.rules.ExpectedException.ExpectedExceptionStatement.evaluate(ExpectedException.java:239)
	at com.example.test.utils.LaunchAppRule.apply.1.evaluate(LaunchAppRule.kt:36)
	at com.example.test.utils.RetryRule.runTest(RetryRule.kt:43)
	at com.example.test.utils.RetryRule.access.runTest(RetryRule.kt:14)
	at com.example.test.utils.RetryRule.apply.1.evaluate(RetryRule.kt:29)
	at org.junit.rules.RunRules.evaluate(RunRules.java:20)
	at org.junit.runners.ParentRunner.runLeaf(ParentRunner.java:325)
	at org.junit.runners.BlockJUnit4ClassRunner.runChild(BlockJUnit4ClassRunner.java:78)
	at org.junit.runners.BlockJUnit4ClassRunner.runChild(BlockJUnit4ClassRunner.java:57)
	at org.junit.runners.ParentRunner.3.run(ParentRunner.java:290)
	at org.junit.runners.ParentRunner.1.schedule(ParentRunner.java:71)
	at org.junit.runners.ParentRunner.runChildren(ParentRunner.java:288)
	at org.junit.runners.ParentRunner.access.000(ParentRunner.java:58)
	at org.junit.runners.ParentRunner.2.evaluate(ParentRunner.java:268)
	at org.junit.runners.ParentRunner.run(ParentRunner.java:363)
	at org.junit.runners.Suite.runChild(Suite.java:128)
	at org.junit.runners.Suite.runChild(Suite.java:27)
	at org.junit.runners.ParentRunner.3.run(ParentRunner.java:290)
	at org.junit.runners.ParentRunner.1.schedule(ParentRunner.java:71)
	at org.junit.runners.ParentRunner.runChildren(ParentRunner.java:288)
	at org.junit.runners.ParentRunner.access.000(ParentRunner.java:58)
	at org.junit.runners.ParentRunner.2.evaluate(ParentRunner.java:268)
	at org.junit.runners.ParentRunner.run(ParentRunner.java:363)
	at org.junit.runner.JUnitCore.run(JUnitCore.java:137)
	at org.junit.runner.JUnitCore.run(JUnitCore.java:115)
	at android.support.test.internal.runner.TestExecutor.execute(TestExecutor.java:59)
	at android.support.test.runner.JunoAndroidRunner.onStart(JunoAndroidRunner.kt:107)
	at android.app.Instrumentation.InstrumentationThread.run(Instrumentation.java:1932)

FAILURES!!!
Tests run: 4,  Failures: 1


INSTRUMENTATION_CODE: -1

